0 info it worked if it ends with ok
1 verbose cli [ '/usr/local/bin/node', '/usr/local/bin/npm', 'start' ]
2 info using npm@3.8.6
3 info using node@v6.0.0
4 verbose run-script [ 'prestart', 'start', 'poststart' ]
5 info lifecycle redux-real-world-example@0.0.0~prestart: redux-real-world-example@0.0.0
6 silly lifecycle redux-real-world-example@0.0.0~prestart: no script for prestart, continuing
7 info lifecycle redux-real-world-example@0.0.0~start: redux-real-world-example@0.0.0
8 verbose lifecycle redux-real-world-example@0.0.0~start: unsafe-perm in lifecycle true
9 verbose lifecycle redux-real-world-example@0.0.0~start: PATH: /usr/local/lib/node_modules/npm/bin/node-gyp-bin:/Users/yaobinhan/react/redux/node_modules/.bin:/usr/local/bin:.:/usr/local/bin:/usr/bin:/bin:/usr/sbin:/sbin:/usr/local/ant/bin:/Library/Java/JavaVirtualMachines/1.6.0.jdk/Contents/Home/bin:/Users/yaobinhan/Applications/android-sdk-macosx/tools:/Users/yaobinhan/Applications/android-sdk-macosx/platform-tools
10 verbose lifecycle redux-real-world-example@0.0.0~start: CWD: /Users/yaobinhan/react/redux
11 silly lifecycle redux-real-world-example@0.0.0~start: Args: [ '-c', 'webpack-dev-server --inline --hot' ]
12 info lifecycle redux-real-world-example@0.0.0~start: Failed to exec start script
13 verbose stack Error: redux-real-world-example@0.0.0 start: `webpack-dev-server --inline --hot`
13 verbose stack spawn ENOENT
13 verbose stack     at ChildProcess.<anonymous> (/usr/local/lib/node_modules/npm/lib/utils/spawn.js:17:16)
13 verbose stack     at emitTwo (events.js:106:13)
13 verbose stack     at ChildProcess.emit (events.js:191:7)
13 verbose stack     at maybeClose (internal/child_process.js:850:16)
13 verbose stack     at Process.ChildProcess._handle.onexit (internal/child_process.js:215:5)
14 verbose pkgid redux-real-world-example@0.0.0
15 verbose cwd /Users/yaobinhan/react/redux
16 error Darwin 15.3.0
17 error argv "/usr/local/bin/node" "/usr/local/bin/npm" "start"
18 error node v6.0.0
19 error npm  v3.8.6
20 error file sh
21 error code ELIFECYCLE
22 error errno ENOENT
23 error syscall spawn
24 error redux-real-world-example@0.0.0 start: `webpack-dev-server --inline --hot`
24 error spawn ENOENT
25 error Failed at the redux-real-world-example@0.0.0 start script 'webpack-dev-server --inline --hot'.
25 error Make sure you have the latest version of node.js and npm installed.
25 error If you do, this is most likely a problem with the redux-real-world-example package,
25 error not with npm itself.
25 error Tell the author that this fails on your system:
25 error     webpack-dev-server --inline --hot
25 error You can get information on how to open an issue for this project with:
25 error     npm bugs redux-real-world-example
25 error Or if that isn't available, you can get their info via:
25 error     npm owner ls redux-real-world-example
25 error There is likely additional logging output above.
26 verbose exit [ 1, true ]
